===============================
= Setting up the environment =
===============================

Changing directory to the location of the script...
Directory changed to /home/steve/Desktop/ros/alex



===============================
= Installing Python          =
===============================




===============================
= Installing Dependencies    =
===============================

Looking in indexes: https://pypi.org/simple, https://www.piwheels.org/simple
Requirement already satisfied: pip in ./env/lib/python3.11/site-packages (25.0.1)
WARNING: Retrying (Retry(total=4, connect=None, read=None, redirect=None, status=None)) after connection broken by 'ReadTimeoutError("HTTPSConnectionPool(host='pypi.org', port=443): Read timed out. (read timeout=15)")': /simple/pip/
ERROR: Operation cancelled by user

Looking in indexes: https://pypi.org/simple, https://www.piwheels.org/simple
Requirement already satisfied: numpy in /usr/lib/python3/dist-packages (1.24.2)
Requirement already satisfied: matplotlib in ./env/lib/python3.11/site-packages (3.10.1)
Requirement already satisfied: pyserial in /usr/lib/python3/dist-packages (3.5)
Requirement already satisfied: contourpy>=1.0.1 in ./env/lib/python3.11/site-packages (from matplotlib) (1.3.1)
Requirement already satisfied: cycler>=0.10 in ./env/lib/python3.11/site-packages (from matplotlib) (0.12.1)
Requirement already satisfied: fonttools>=4.22.0 in ./env/lib/python3.11/site-packages (from matplotlib) (4.56.0)
Requirement already satisfied: kiwisolver>=1.3.1 in ./env/lib/python3.11/site-packages (from matplotlib) (1.4.8)
Requirement already satisfied: packaging>=20.0 in ./env/lib/python3.11/site-packages (from matplotlib) (24.2)
Requirement already satisfied: pillow>=8 in /usr/lib/python3/dist-packages (from matplotlib) (9.4.0)
Requirement already satisfied: pyparsing>=2.3.1 in ./env/lib/python3.11/site-packages (from matplotlib) (3.2.3)
Requirement already satisfied: python-dateutil>=2.7 in ./env/lib/python3.11/site-packages (from matplotlib) (2.9.0.post0)
Requirement already satisfied: six>=1.5 in /usr/lib/python3/dist-packages (from python-dateutil>=2.7->matplotlib) (1.16.0)
WARNING: Error parsing dependencies of send2trash: Expected matching RIGHT_PARENTHESIS for LEFT_PARENTHESIS, after version specifier
    sys-platform (=="darwin") ; extra == 'objc'
                 ~^

Setup complete. Exiting...
